<?xml version="1.0" encoding="UTF-8"?>
<!-- Generated by org.testng.reporters.JUnitXMLReporter -->
<testsuite hostname="DESKTOP-GSPH3HV" ignored="0" name="LoveHolidays Technical Challenge" tests="2" failures="0" timestamp="08 May 2017 12:13:54 GMT" time="62.143" errors="0">
  <testcase name="scenarioOneTest" time="8.472" classname="tests.UserEntersInvalidReferenceNumber"/>
  <testcase name="scenarioTwoTest" time="14.554" classname="tests.UserSignsInWithInvalidReferenceNumber"/>
</testsuite> <!-- LoveHolidays Technical Challenge -->
