<?xml version="1.0" encoding="UTF-8"?>
<!-- Generated by org.testng.reporters.JUnitXMLReporter -->
<testsuite hostname="DESKTOP-GSPH3HV" ignored="0" name="LoveHolidays Technical Challenge" tests="2" failures="0" timestamp="16 May 2017 11:12:14 GMT" time="68.341" errors="0">
  <testcase name="scenarioOneTest" time="9.156" classname="test.java.UserEntersInvalidReferenceNumber"/>
  <testcase name="scenarioTwoTest" time="10.403" classname="test.java.UserSignsInWithInvalidReferenceNumber"/>
</testsuite> <!-- LoveHolidays Technical Challenge -->
